<?xml version="1.0" encoding="UTF-8"?>
<robot generator="Robot 6.0.2 (Python 3.12.0a2 on win32)" generated="20230309 14:52:46.457" rpa="false" schemaversion="3">
<suite id="s1" name="Robot Api" source="I:\Henrique\Tester\robot_api">
<suite id="s1-s1" name="Test" source="I:\Henrique\Tester\robot_api\Test">
<suite id="s1-s1-s1" name="Usuarios" source="I:\Henrique\Tester\robot_api\Test\Usuarios">
<suite id="s1-s1-s1-s1" name="Post Usuarios" source="I:\Henrique\Tester\robot_api\Test\Usuarios\post_usuarios.robot">
<test id="s1-s1-s1-s1-t1" name="Cadastrando usuario com email ja utilizado" line="12">
<kw name="Cadastrar" library="UsuarioKW">
<arg>Qualquer Coisa</arg>
<arg>boraapi@qa.com.br</arg>
<arg>1234</arg>
<doc>Keywords utilizadas para realizar cadastro</doc>
<kw name="Create Dictionary" library="BuiltIn">
<var>${Header}</var>
<arg>Content-Type=application/json</arg>
<doc>Creates and returns a dictionary based on the given ``items``.</doc>
<msg timestamp="20230309 14:52:46.533" level="INFO">${Header} = {'Content-Type': 'application/json'}</msg>
<status status="PASS" starttime="20230309 14:52:46.533" endtime="20230309 14:52:46.533"/>
</kw>
<kw name="Create Dictionary" library="BuiltIn">
<var>${Body}</var>
<arg>nome=${nome}</arg>
<arg>email=${email}</arg>
<arg>password=${password}</arg>
<arg>administrador=true</arg>
<doc>Creates and returns a dictionary based on the given ``items``.</doc>
<msg timestamp="20230309 14:52:46.533" level="INFO">${Body} = {'nome': 'Qualquer Coisa', 'email': 'boraapi@qa.com.br', 'password': '1234', 'administrador': 'true'}</msg>
<status status="PASS" starttime="20230309 14:52:46.533" endtime="20230309 14:52:46.533"/>
</kw>
<kw name="Create Session" library="RequestsLibrary">
<arg>ServeRest</arg>
<arg>${BaseURL}</arg>
<arg>verify=True</arg>
<doc>Create Session: create a HTTP session to a server</doc>
<msg timestamp="20230309 14:52:46.533" level="INFO">Creating Session using : alias=ServeRest, url=https://serverest.dev, headers={},                     cookies={}, auth=None, timeout=None, proxies=None, verify=True,                     debug=0 </msg>
<status status="PASS" starttime="20230309 14:52:46.533" endtime="20230309 14:52:46.533"/>
</kw>
<kw name="POST On Session" library="RequestsLibrary">
<var>${response}</var>
<arg>ServeRest</arg>
<arg>/usuarios</arg>
<arg>expected_status=any</arg>
<arg>headers=${Header}</arg>
<arg>json=${Body}</arg>
<doc>Sends a POST request on a previously created HTTP Session.</doc>
<msg timestamp="20230309 14:52:46.784" level="INFO">POST Request : url=https://serverest.dev/usuarios 
 path_url=/usuarios 
 headers={'User-Agent': 'python-requests/2.28.2', 'Accept-Encoding': 'gzip, deflate', 'Accept': '*/*', 'Connection': 'keep-alive', 'Content-Type': 'application/json', 'Content-Length': '101'} 
 body=b'{"nome": "Qualquer Coisa", "email": "boraapi@qa.com.br", "password": "1234", "administrador": "true"}' 
 </msg>
<msg timestamp="20230309 14:52:46.784" level="INFO">POST Response : url=https://serverest.dev/usuarios 
 status=400, reason=Bad Request 
 headers={'access-control-allow-origin': '*', 'x-dns-prefetch-control': 'off', 'x-frame-options': 'SAMEORIGIN', 'strict-transport-security': 'max-age=15552000; includeSubDomains', 'x-download-options': 'noopen', 'x-content-type-options': 'nosniff', 'x-xss-protection': '1; mode=block', 'x-moesif-transaction-id': '3c80264a-9a09-4a4f-b0c0-ac7d4d89bad7', 'content-type': 'application/json; charset=utf-8', 'X-Cloud-Trace-Context': '160befeb8788f17ee044fe9af412531c', 'Date': 'Thu, 09 Mar 2023 14:52:47 GMT', 'Server': 'Google Frontend', 'Content-Length': '53'} 
 body={
    "message": "Este email já está sendo usado"
} 
 </msg>
<msg timestamp="20230309 14:52:46.784" level="INFO">${response} = &lt;Response [400]&gt;</msg>
<status status="PASS" starttime="20230309 14:52:46.533" endtime="20230309 14:52:46.784"/>
</kw>
<kw name="Set Test Variable" library="BuiltIn">
<arg>${response}</arg>
<doc>Makes a variable available everywhere within the scope of the current test.</doc>
<msg timestamp="20230309 14:52:46.784" level="INFO">${response} = &lt;Response [400]&gt;</msg>
<status status="PASS" starttime="20230309 14:52:46.784" endtime="20230309 14:52:46.784"/>
</kw>
<status status="PASS" starttime="20230309 14:52:46.532" endtime="20230309 14:52:46.784"/>
</kw>
<kw name="Should Be Equal As Strings" library="BuiltIn">
<arg>${response.json()['message']}</arg>
<arg>Este email já está sendo usado</arg>
<doc>Fails if objects are unequal after converting them to strings.</doc>
<status status="PASS" starttime="20230309 14:52:46.785" endtime="20230309 14:52:46.785"/>
</kw>
<tag>@Cadastrar2</tag>
<tag>@regression</tag>
<status status="PASS" starttime="20230309 14:52:46.532" endtime="20230309 14:52:46.785"/>
</test>
<status status="PASS" starttime="20230309 14:52:46.475" endtime="20230309 14:52:46.786"/>
</suite>
<status status="PASS" starttime="20230309 14:52:46.473" endtime="20230309 14:52:46.787"/>
</suite>
<status status="PASS" starttime="20230309 14:52:46.472" endtime="20230309 14:52:46.788"/>
</suite>
<status status="PASS" starttime="20230309 14:52:46.458" endtime="20230309 14:52:46.789"/>
</suite>
<statistics>
<total>
<stat pass="1" fail="0" skip="0">All Tests</stat>
</total>
<tag>
<stat pass="1" fail="0" skip="0">@Cadastrar2</stat>
<stat pass="1" fail="0" skip="0">@regression</stat>
</tag>
<suite>
<stat pass="1" fail="0" skip="0" id="s1" name="Robot Api">Robot Api</stat>
<stat pass="1" fail="0" skip="0" id="s1-s1" name="Test">Robot Api.Test</stat>
<stat pass="1" fail="0" skip="0" id="s1-s1-s1" name="Usuarios">Robot Api.Test.Usuarios</stat>
<stat pass="1" fail="0" skip="0" id="s1-s1-s1-s1" name="Post Usuarios">Robot Api.Test.Usuarios.Post Usuarios</stat>
</suite>
</statistics>
<errors>
</errors>
</robot>
